2021-08-23 14:11:43.604 [main] INFO  launch.Main - System: user Started the app
2021-08-23 14:11:44.950 [JavaFX Application Thread] INFO  login.loginView - System: user went to Login
2021-08-23 14:11:51.059 [JavaFX Application Thread] INFO  register.registerController - System: user went to Register
2021-08-23 14:17:19.436 [JavaFX Application Thread] INFO  submit.submitRegister - System: user went to submit.submitRegister
2021-08-23 14:17:19.450 [JavaFX Application Thread] INFO  register.regChecker - System: Registered
2021-08-23 14:17:20.451 [JavaFX Application Thread] INFO  login.loginView - System: user went to Login
2021-08-23 14:17:38.131 [JavaFX Application Thread] INFO  login.LoginControl - System: user went to LogInfo
2021-08-23 14:17:38.132 [JavaFX Application Thread] INFO  login.LoginControl - System: User logged in
2021-08-23 14:17:38.957 [JavaFX Application Thread] INFO  mainPages.Feed - System: user went to mainPages.Feed
2021-08-23 14:18:06.694 [main] INFO  launch.Main - System: user Started the app
2021-08-23 14:18:08.255 [JavaFX Application Thread] INFO  login.loginView - System: user went to Login
2021-08-23 14:18:25.877 [JavaFX Application Thread] INFO  login.LoginControl - System: user went to LogInfo
2021-08-23 14:18:25.879 [JavaFX Application Thread] INFO  login.LoginControl - System: User inserted wrong password
2021-08-23 14:18:28.540 [JavaFX Application Thread] INFO  login.LoginControl - System: user went to LogInfo
2021-08-23 14:18:28.542 [JavaFX Application Thread] INFO  login.LoginControl - System: User logged in
2021-08-23 14:18:29.632 [JavaFX Application Thread] INFO  mainPages.Feed - System: user went to mainPages.Feed
2021-08-23 14:20:46.697 [main] INFO  launch.Main - System: user Started the app
2021-08-23 14:20:48.343 [JavaFX Application Thread] INFO  login.loginView - System: user went to Login
2021-08-23 14:20:58.976 [JavaFX Application Thread] INFO  login.LoginControl - System: user went to LogInfo
2021-08-23 14:20:58.978 [JavaFX Application Thread] INFO  login.LoginControl - System: User logged in
2021-08-23 14:20:59.727 [JavaFX Application Thread] INFO  mainPages.Feed - System: user went to mainPages.Feed
2021-08-23 14:26:48.902 [main] INFO  launch.Main - System: user Started the app
2021-08-23 14:26:50.441 [JavaFX Application Thread] INFO  login.loginView - System: user went to Login
2021-08-23 14:26:53.296 [JavaFX Application Thread] INFO  register.registerController - System: user went to Register
2021-08-23 14:27:39.312 [JavaFX Application Thread] INFO  submit.submitRegister - System: user went to submit.submitRegister
2021-08-23 14:27:39.329 [JavaFX Application Thread] INFO  register.regChecker - System: Registered
2021-08-23 14:27:40.807 [JavaFX Application Thread] INFO  login.loginView - System: user went to Login
2021-08-23 14:27:47.626 [JavaFX Application Thread] INFO  login.LoginControl - System: user went to LogInfo
2021-08-23 14:27:47.628 [JavaFX Application Thread] INFO  login.LoginControl - System: User logged in
2021-08-23 14:27:48.277 [JavaFX Application Thread] INFO  mainPages.Feed - System: user went to mainPages.Feed
2021-08-23 14:27:49.802 [JavaFX Application Thread] INFO  mainPages.Info - System: user went to userControl.userProfile
2021-08-23 14:27:49.959 [JavaFX Application Thread] INFO  twitteControl.userTwittes - System: user went to twitteControl.userTwittes
2021-08-23 14:27:50.694 [JavaFX Application Thread] INFO  mainPages.Setting - System: user went to mainPages.Setting
2021-08-23 14:27:50.707 [JavaFX Application Thread] INFO  submit.submitPrivacy - System: user went to submit.submitPrivacy
2021-08-23 14:27:52.744 [JavaFX Application Thread] INFO  mainPages.Info - System: user went to userControl.userProfile
2021-08-23 14:27:52.814 [JavaFX Application Thread] INFO  twitteControl.userTwittes - System: user went to twitteControl.userTwittes
2021-08-23 14:27:53.693 [JavaFX Application Thread] INFO  mainPages.Feed - System: user went to mainPages.Feed
2021-08-23 14:27:55.783 [JavaFX Application Thread] INFO  mainPages.Setting - System: user went to mainPages.Setting
2021-08-23 14:27:55.788 [JavaFX Application Thread] INFO  submit.submitPrivacy - System: user went to submit.submitPrivacy
2021-08-23 14:27:56.501 [JavaFX Application Thread] INFO  login.loginView - System: user went to Login
2021-08-23 14:27:58.702 [JavaFX Application Thread] INFO  register.registerController - System: user went to Register
2021-08-23 14:28:48.976 [JavaFX Application Thread] INFO  submit.submitRegister - System: user went to submit.submitRegister
2021-08-23 14:28:48.980 [JavaFX Application Thread] INFO  register.regChecker - System: Registered
2021-08-23 14:28:49.871 [JavaFX Application Thread] INFO  login.loginView - System: user went to Login
2021-08-23 14:29:10.239 [JavaFX Application Thread] INFO  register.registerController - System: user went to Register
2021-08-23 14:30:25.330 [JavaFX Application Thread] INFO  submit.submitRegister - System: user went to submit.submitRegister
2021-08-23 14:30:25.340 [JavaFX Application Thread] INFO  register.regChecker - System: Registered
2021-08-23 14:30:26.339 [JavaFX Application Thread] INFO  login.loginView - System: user went to Login
2021-08-23 14:30:27.321 [JavaFX Application Thread] INFO  register.registerController - System: user went to Register
2021-08-23 14:31:59.799 [JavaFX Application Thread] INFO  submit.submitRegister - System: user went to submit.submitRegister
2021-08-23 14:31:59.808 [JavaFX Application Thread] INFO  register.regChecker - System: Registered
2021-08-23 14:32:00.707 [JavaFX Application Thread] INFO  login.loginView - System: user went to Login
2021-08-23 14:32:11.266 [JavaFX Application Thread] INFO  login.LoginControl - System: user went to LogInfo
2021-08-23 14:32:11.268 [JavaFX Application Thread] INFO  login.LoginControl - System: User logged in
2021-08-23 14:32:11.861 [JavaFX Application Thread] INFO  mainPages.Feed - System: user went to mainPages.Feed
2021-08-23 14:32:13.158 [JavaFX Application Thread] INFO  mainPages.Info - System: user went to userControl.userProfile
2021-08-23 14:32:13.218 [JavaFX Application Thread] INFO  twitteControl.userTwittes - System: user went to twitteControl.userTwittes
2021-08-23 14:32:14.684 [JavaFX Application Thread] INFO  mainPages.Setting - System: user went to mainPages.Setting
2021-08-23 14:32:14.689 [JavaFX Application Thread] INFO  submit.submitPrivacy - System: user went to submit.submitPrivacy
2021-08-23 14:32:16.711 [JavaFX Application Thread] INFO  mainPages.Info - System: user went to userControl.userProfile
2021-08-23 14:32:16.754 [JavaFX Application Thread] INFO  twitteControl.userTwittes - System: user went to twitteControl.userTwittes
2021-08-23 14:32:17.922 [JavaFX Application Thread] INFO  mainPages.Feed - System: user went to mainPages.Feed
2021-08-23 14:32:19.638 [JavaFX Application Thread] INFO  mainPages.Setting - System: user went to mainPages.Setting
2021-08-23 14:32:19.642 [JavaFX Application Thread] INFO  submit.submitPrivacy - System: user went to submit.submitPrivacy
2021-08-23 14:32:20.244 [JavaFX Application Thread] INFO  login.loginView - System: user went to Login
2021-08-23 14:32:31.339 [JavaFX Application Thread] INFO  register.registerController - System: user went to Register
2021-08-23 14:34:45.362 [JavaFX Application Thread] INFO  submit.submitRegister - System: user went to submit.submitRegister
2021-08-23 14:34:45.365 [JavaFX Application Thread] INFO  register.regChecker - System: Registered
2021-08-23 14:34:46.180 [JavaFX Application Thread] INFO  login.loginView - System: user went to Login
2021-08-23 14:35:08.015 [JavaFX Application Thread] INFO  login.LoginControl - System: user went to LogInfo
2021-08-23 14:35:08.016 [JavaFX Application Thread] INFO  login.LoginControl - System: User logged in
2021-08-23 14:35:08.564 [JavaFX Application Thread] INFO  mainPages.Feed - System: user went to mainPages.Feed
2021-08-23 14:35:09.882 [JavaFX Application Thread] INFO  mainPages.Info - System: user went to userControl.userProfile
2021-08-23 14:35:09.948 [JavaFX Application Thread] INFO  twitteControl.userTwittes - System: user went to twitteControl.userTwittes
2021-08-23 14:35:10.508 [JavaFX Application Thread] INFO  mainPages.Setting - System: user went to mainPages.Setting
2021-08-23 14:35:10.512 [JavaFX Application Thread] INFO  submit.submitPrivacy - System: user went to submit.submitPrivacy
2021-08-23 14:35:12.441 [JavaFX Application Thread] INFO  mainPages.Info - System: user went to userControl.userProfile
2021-08-23 14:35:12.479 [JavaFX Application Thread] INFO  twitteControl.userTwittes - System: user went to twitteControl.userTwittes
2021-08-23 14:35:14.218 [JavaFX Application Thread] INFO  mainPages.Setting - System: user went to mainPages.Setting
2021-08-23 14:35:14.223 [JavaFX Application Thread] INFO  submit.submitPrivacy - System: user went to submit.submitPrivacy
2021-08-23 14:35:14.693 [JavaFX Application Thread] INFO  login.loginView - System: user went to Login
2021-08-23 14:35:22.176 [JavaFX Application Thread] INFO  register.registerController - System: user went to Register
2021-08-23 14:36:27.933 [JavaFX Application Thread] INFO  submit.submitRegister - System: user went to submit.submitRegister
2021-08-23 14:36:27.936 [JavaFX Application Thread] INFO  register.regChecker - System: Registered
2021-08-23 14:36:28.766 [JavaFX Application Thread] INFO  login.loginView - System: user went to Login
2021-08-23 14:36:57.486 [JavaFX Application Thread] INFO  login.LoginControl - System: user went to LogInfo
2021-08-23 14:36:57.488 [JavaFX Application Thread] INFO  login.LoginControl - System: User inserted wrong password
2021-08-23 14:37:04.709 [JavaFX Application Thread] INFO  login.LoginControl - System: user went to LogInfo
2021-08-23 14:37:04.710 [JavaFX Application Thread] INFO  login.LoginControl - System: User logged in
2021-08-23 14:37:05.616 [JavaFX Application Thread] INFO  mainPages.Feed - System: user went to mainPages.Feed
2021-08-23 14:37:07.025 [JavaFX Application Thread] INFO  mainPages.Info - System: user went to userControl.userProfile
2021-08-23 14:37:07.082 [JavaFX Application Thread] INFO  twitteControl.userTwittes - System: user went to twitteControl.userTwittes
2021-08-23 14:37:32021-08-23 14:41:31.723 [main] INFO  launch.Main - System: user Started the app
2021-08-23 14:41:33.101 [JavaFX Application Thread] INFO  login.loginView - System: user went to Login
2021-08-23 14:41:36.978 [JavaFX Application Thread] INFO  login.LoginControl - System: user went to LogInfo
2021-08-23 14:41:36.980 [JavaFX Application Thread] INFO  login.LoginControl - System: User logged in
2021-08-23 14:41:37.968 [JavaFX Application Thread] INFO  mainPages.Feed - System: user went to mainPages.Feed
2021-08-23 14:41:40.918 [JavaFX Application Thread] INFO  mainPages.Expelorer - System: user went to mainPages.Expelorer
2021-08-23 14:41:49.211 [JavaFX Application Thread] INFO  userControl.userProfile - System: user went to userControl.userProfile
2021-08-23 14:41:50.272 [JavaFX Application Thread] INFO  submit.submitRequest - System: user went to submit.submitRequest
2021-08-23 14:41:50.274 [JavaFX Application Thread] INFO  userControl.userProfile - System: Request sent
2021-08-23 14:41:50.288 [JavaFX Application Thread] INFO  userControl.userProfile - System: user went to userControl.userProfile
2021-08-23 14:41:52.631 [JavaFX Application Thread] INFO  mainPages.Setting - System: user went to mainPages.Setting
2021-08-23 14:41:52.649 [JavaFX Application Thread] INFO  submit.submitPrivacy - System: user went to submit.submitPrivacy
2021-08-23 14:41:53.867 [JavaFX Application Thread] INFO  login.loginView - System: user went to Login
2021-08-23 14:42:06.106 [JavaFX Application Thread] INFO  login.LoginControl - System: user went to LogInfo
2021-08-23 14:42:06.108 [JavaFX Application Thread] INFO  login.LoginControl - System: User logged in
2021-08-23 14:42:07.106 [JavaFX Application Thread] INFO  mainPages.Feed - System: user went to mainPages.Feed
2021-08-23 14:42:10.694 [JavaFX Application Thread] INFO  mainPages.Info - System: user went to userControl.userProfile
2021-08-23 14:42:10.832 [JavaFX Application Thread] INFO  twitteControl.userTwittes - System: user went to twitteControl.userTwittes
2021-08-23 14:42:15.192 [JavaFX Application Thread] INFO  submit.submitRequest - System: The request Accepted!
2021-08-23 14:42:21.328 [JavaFX Application Thread] INFO  mainPages.Info - System: user went to userControl.userProfile
2021-08-23 14:42:21.399 [JavaFX Application Thread] INFO  twitteControl.userTwittes - System: user went to twitteControl.userTwittes
2021-08-23 14:42:22.782 [JavaFX Application Thread] INFO  mainPages.Setting - System: user went to mainPages.Setting
2021-08-23 14:42:22.787 [JavaFX Application Thread] INFO  submit.submitPrivacy - System: user went to submit.submitPrivacy
2021-08-23 14:42:38.469 [JavaFX Application Thread] INFO  mainPages.Setting - System: user went to mainPages.Setting
2021-08-23 14:42:38.474 [JavaFX Application Thread] INFO  submit.submitPrivacy - System: user went to submit.submitPrivacy
2021-08-23 14:42:42.181 [JavaFX Application Thread] INFO  mainPages.Setting - System: user went to mainPages.Setting
2021-08-23 14:42:42.186 [JavaFX Application Thread] INFO  submit.submitPrivacy - System: user went to submit.submitPrivacy
2021-08-23 14:42:49.395 [JavaFX Application Thread] INFO  login.loginView - System: user went to Login
2021-08-23 14:42:54.943 [JavaFX Application Thread] INFO  login.LoginControl - System: user went to LogInfo
2021-08-23 14:42:54.944 [JavaFX Application Thread] INFO  login.LoginControl - System: User logged in
2021-08-23 14:42:55.995 [JavaFX Application Thread] INFO  mainPages.Feed - System: user went to mainPages.Feed
2021-08-23 14:43:01.843 [JavaFX Application Thread] INFO  mainPages.Expelorer - System: user went to mainPages.Expelorer
2021-08-23 14:43:03.891 [JavaFX Application Thread] INFO  userControl.userProfile - System: user went to userControl.userProfile
2021-08-23 14:43:06.948 [JavaFX Application Thread] INFO  submit.submitRequest - System: user went to submit.submitRequest
2021-08-23 14:43:06.949 [JavaFX Application Thread] INFO  userControl.userProfile - System: Request sent
2021-08-23 14:43:06.960 [JavaFX Application Thread] INFO  userControl.userProfile - System: user went to userControl.userProfile
2021-08-23 14:43:08.198 [JavaFX Application Thread] INFO  mainPages.Setting - System: user went to mainPages.Setting
2021-08-23 14:43:08.203 [JavaFX Application Thread] INFO  submit.submitPrivacy - System: user went to submit.submitPrivacy
2021-08-23 14:43:09.269 [JavaFX Application Thread] INFO  login.loginView - System: user went to Login
2021-08-23 14:43:12.078 [JavaFX Application Thread] INFO  login.LoginControl - System: user went to LogInfo
2021-08-23 14:43:12.079 [JavaFX Application Thread] INFO  login.LoginControl - System: User logged in
2021-08-23 14:43:13.059 [JavaFX Application Thread] INFO  mainPages.Feed - System: user went to mainPages.Feed
2021-08-23 14:43:14.597 [JavaFX Application Thread] INFO  mainPages.Info - System: user went to userControl.userProfile
2021-08-23 14:43:14.666 [JavaFX Application Thread] INFO  twitteControl.userTwittes - System: user went to twitteControl.userTwittes
2021-08-23 14:43:18.243 [JavaFX Application Thread] INFO  submit.submitRequest - System: The request Accepted!
2021-08-23 14:43:26.597 [JavaFX Application Thread] INFO  mainPages.Info - System: user went to userControl.userProfile
2021-08-23 14:43:26.672 [JavaFX Application Thread] INFO  twitteControl.userTwittes - System: user went to twitteControl.userTwittes
2021-08-23 14:43:28.134 [JavaFX Application Thread] INFO  lists.Lists - System: user went to lists.Lists
2021-08-23 14:43:31.443 [JavaFX Application Thread] INFO  mainPages.Info - System: user went to userControl.userProfile
2021-08-23 14:43:31.509 [JavaFX Application Thread] INFO  twitteControl.userTwittes - System: user went to twitteControl.userTwittes
2021-08-23 14:43:32.447 [JavaFX Application Thread] INFO  lists.Lists - System: user went to lists.Lists
2021-08-23 14:43:33.416 [JavaFX Application Thread] INFO  mainPages.Info - System: user went to userControl.userProfile
2021-08-23 14:43:33.485 [JavaFX Application Thread] INFO  twitteControl.userTwittes - System: user went to twitteControl.userTwittes
2021-08-23 14:43:49.048 [JavaFX Application Thread] INFO  mainPages.Setting - System: user went to mainPages.Setting
2021-08-23 14:43:49.054 [JavaFX Application Thread] INFO  submit.submitPrivacy - System: user went to submit.submitPrivacy
2021-08-23 14:43:49.715 [JavaFX Application Thread] INFO  login.loginView - System: user went to Login
2021-08-23 14:43:58.462 [JavaFX Application Thread] INFO  login.LoginControl - System: user went to LogInfo
2021-08-23 14:43:58.463 [JavaFX Application Thread] INFO  login.LoginControl - System: User logged in
2021-08-23 14:43:59.166 [JavaFX Application Thread] INFO  mainPages.Feed - System: user went to mainPages.Feed
2021-08-23 14:44:00.490 [JavaFX Application Thread] INFO  mainPages.Info - System: user went to userControl.userProfile
2021-08-23 14:44:00.546 [JavaFX Application Thread] INFO  twitteControl.userTwittes - System: user went to twitteControl.userTwittes
2021-08-23 14:44:02.189 [JavaFX Application Thread] INFO  mainPages.Messenger - System: user went to mainPages.Messenger
2021-08-23 14:44:03.423 [JavaFX Application Thread] INFO  mainPages.Setting - System: user went to mainPages.Setting
2021-08-23 14:44:03.426 [JavaFX Application Thread] INFO  submit.submitPrivacy - System: user went to submit.submitPrivacy
2021-08-23 14:44:04.435 [JavaFX Application Thread] INFO  mainPages.Expelorer - System: user went to mainPages.Expelorer
2021-08-23 14:44:07.735 [JavaFX Application Thread] INFO  userControl.userProfile - System: user went to userControl.userProfile
2021-08-23 14:44:09.099 [JavaFX Application Thread] INFO  submit.submitRequest - System: user went to submit.submitRequest
2021-08-23 14:44:09.100 [JavaFX Application Thread] INFO  userControl.userProfile - System: Request sent
2021-08-23 14:44:09.109 [JavaFX Application Thread] INFO  userControl.userProfile - System: user went to userControl.userProfile
2021-08-23 14:44:12.212 [JavaFX Application Thread] INFO  mainPages.Setting - System: user went to mainPages.Setting
2021-08-23 14:44:12.215 [JavaFX Application Thread] INFO  submit.submitPrivacy - System: user went to submit.submitPrivacy
2021-08-23 14:44:12.902 [JavaFX Application Thread] INFO  login.loginView - System: user went to Login
2021-08-23 14:44:17.217 [JavaFX Application Thread] INFO  login.LoginControl - System: user went to LogInfo
2021-08-23 14:44:17.217 [JavaFX Application Thread] INFO  login.LoginControl - System: User logged in
2021-08-23 14:44:17.945 [JavaFX Application Thread] INFO  mainPages.Feed - System: user went to mainPages.Feed
2021-08-23 14:44:19.130 [JavaFX Application Thread] INFO  mainPages.Info - System: user went to userControl.userProfile
2021-08-23 14:44:19.176 [JavaFX Application Thread] INFO  twitteControl.userTwittes - System: user went to twitteControl.userTwittes
2021-08-23 14:44:23.928 [JavaFX Application Thread] INFO  submit.submitRequest - System: The request Accepted!
2021-08-23 14:44:25.400 [JavaFX Application Thread] INFO  submit.submitRequest - System: User followed back!
2021-08-23 14:44:27.546 [JavaFX Application Thread] INFO  mainPages.Info - System: user went to userControl.userProfile
2021-08-23 14:44:27.593 [JavaFX Application Thread] INFO  twitteControl.userTwittes - System: user went to twitteControl.userTwittes
2021-08-23 14:44:28.400 [JavaFX Application Thread] INFO  mainPages.Info - System: user went to userControl.userProfile
2021-08-23 14:44:28.432 [JavaFX Application Thread] INFO  twitteControl.userTwittes - System: user went to twitteControl.userTwittes
2021-08-23 14:44:29.383 [JavaFX Application Thread] INFO  lists.Lists - System: user went to lists.Lists
2021-08-23 14:44:30.591 [JavaFX Application Thread] INFO  mainPages.Info - System: user went to userControl.userProfile
2021-08-23 14:44:30.637 [JavaFX Application Thread] INFO  twitteControl.userTwittes - System: user went to twitteControl.userTwittes
2021-08-23 14:44:31.278 [JavaFX Application Thread] INFO  lists.Lists - System: user went to lists.Lists
2021-08-23 14:44:32.014 [JavaFX Application Thread] INFO  mainPages.Info - System: user went to userControl.userProfile
2021-08-23 14:44:32.057 [JavaFX Application Thread] INFO  twitteControl.userTwittes - System: user went to twitteControl.userTwittes
2021-08-23 14:45:15.159 [JavaFX Application Thread] INFO  mainPages.Setting - System: user went to mainPages.Setting
2021-08-23 14:45:15.162 [JavaFX Application Thread] INFO  submit.submitPrivacy - System: user went to submit.submitPrivacy
2021-08-23 14:45:16.432 [JavaFX Application Thread] INFO  login.loginView - System: user went to Login
2021-08-23 14:45:20.943 [JavaFX Application Thread] INFO  login.LoginControl - System: user went to LogInfo
2021-08-23 14:45:20.944 [JavaFX Application Thread] INFO  login.LoginControl - System: User logged in
2021-08-23 14:45:21.598 [JavaFX Application Thread] INFO  mainPages.Feed - System: user went to mainPages.Feed
2021-08-23 14:45:22.662 [JavaFX Application Thread] INFO  mainPages.Expelorer - System: user went to mainPages.Expelorer
2021-08-23 14:45:25.946 [JavaFX Application Thread] INFO  userControl.userProfile - System: user went to userControl.userProfile
2021-08-23 14:45:28.407 [JavaFX Application Thread] INFO  submit.submitRequest - System: user went to submit.submitRequest
2021-08-23 14:45:28.408 [JavaFX Application Thread] INFO  userControl.userProfile - System: Request sent
2021-08-23 14:45:28.417 [JavaFX Application Thread] INFO  userControl.userProfile - System: user went to userControl.userProfile
2021-08-23 14:45:29.252 [JavaFX Application Thread] INFO  mainPages.Setting - System: user went to mainPages.Setting
2021-08-23 14:45:29.255 [JavaFX Application Thread] INFO  submit.submitPrivacy - System: user went to submit.submitPrivacy
2021-08-23 14:45:29.950 [JavaFX Application Thread] INFO  login.loginView - System: user went to Login
2021-08-23 14:45:34.561 [JavaFX Application Thread] INFO  login.LoginControl - System: user went to LogInfo
2021-08-23 14:45:34.561 [JavaFX Application Thread] INFO  login.LoginControl - System: User logged in
2021-08-23 14:45:35.220 [JavaFX Application Thread] INFO  mainPages.Feed - System: user went to mainPages.Feed
2021-08-23 14:45:38.109 [JavaFX Application Thread] INFO  mainPages.Expelorer - System: user went to mainPages.Expelorer
2021-08-23 14:45:39.012 [JavaFX Application Thread] INFO  mainPages.Info - System: user went to userControl.userProfile
2021-08-23 14:45:39.062 [JavaFX Application Thread] INFO  twitteControl.userTwittes - System: user went to twitteControl.userTwittes
2021-08-23 14:45:42.651 [JavaFX Application Thread] INFO  submit.submitRequest - System: The request rejected
2021-08-23 14:45:44.944 [JavaFX Application Thread] INFO  mainPages.Info - System: user went to userControl.userProfile
2021-08-23 14:45:44.988 [JavaFX Application Thread] INFO  twitteControl.userTwittes - System: user went to twitteControl.userTwittes
2021-08-23 14:45:46.030 [JavaFX Application Thread] INFO  mainPages.Setting - System: user went to mainPages.Setting
2021-08-23 14:45:46.033 [JavaFX Application Thread] INFO  submit.submitPrivacy - System: user went to submit.submitPrivacy
2021-08-23 14:45:47.125 [JavaFX Application Thread] INFO  login.loginView - System: user went to Login
2021-08-23 14:45:50.469 [JavaFX Application Thread] INFO  login.LoginControl - System: user went to LogInfo
2021-08-23 14:45:50.470 [JavaFX Application Thread] INFO  login.LoginControl - System: User logged in
2021-08-23 14:45:52.211 [JavaFX Application Thread] INFO  mainPages.Feed - System: user went to mainPages.Feed
2021-08-23 14:45:57.264 [JavaFX Application Thread] INFO  mainPages.Expelorer - System: user went to mainPages.Expelorer
2021-08-23 14:46:00.681 [JavaFX Application Thread] INFO  userControl.userProfile - System: user went to userControl.userProfile
2021-08-23 14:46:01.829 [JavaFX Application Thread] INFO  submit.submitRequest - System: user went to submit.submitRequest
2021-08-23 14:46:01.830 [JavaFX Application Thread] INFO  userControl.userProfile - System: Request sent
2021-08-23 14:46:01.839 [JavaFX Application Thread] INFO  userControl.userProfile - System: user went to userControl.userProfile
2021-08-23 14:46:20.573 [JavaFX Application Thread] INFO  mainPages.Setting - System: user went to mainPages.Setting
2021-08-23 14:46:20.577 [JavaFX Application Thread] INFO  submit.submitPrivacy - System: user went to submit.submitPrivacy
2021-08-23 14:46:21.538 [JavaFX Application Thread] INFO  login.loginView - System: user went to Login
2021-08-23 14:46:32.277 [JavaFX Application Thread] INFO  login.LoginControl - System: user went to LogInfo
2021-08-23 14:46:32.278 [JavaFX Application Thread] INFO  login.LoginControl - System: User logged in
2021-08-23 14:46:32.918 [JavaFX Application Thread] INFO  mainPages.Feed - System: user went to mainPages.Feed
2021-08-23 14:46:34.771 [JavaFX Application Thread] INFO  mainPages.Setting - System: user went to mainPages.Setting
2021-08-23 14:46:34.775 [JavaFX Application Thread] INFO  submit.submitPrivacy - System: user went to submit.submitPrivacy
2021-08-23 14:46:35.639 [JavaFX Application Thread] INFO  login.loginView - System: user went to Login
2021-08-23 14:46:41.306 [JavaFX Application Thread] INFO  login.LoginControl - System: user went to LogInfo
2021-08-23 14:46:41.307 [JavaFX Application Thread] INFO  login.LoginControl - System: User logged in
2021-08-23 14:46:42.127 [JavaFX Application Thread] INFO  mainPages.Feed - System: user went to mainPages.Feed
2021-08-23 14:46:42.970 [JavaFX Application Thread] INFO  mainPages.Expelorer - System: user went to mainPages.Expelorer
2021-08-23 14:46:44.991 [JavaFX Application Thread] INFO  userControl.userProfile - System: user went to userControl.userProfile
2021-08-23 14:46:45.773 [JavaFX Application Thread] INFO  submit.submitRequest - System: user went to submit.submitRequest
2021-08-23 14:46:45.774 [JavaFX Application Thread] INFO  userControl.userProfile - System: Request sent
2021-08-23 14:46:45.784 [JavaFX Application Thread] INFO  userControl.userProfile - System: user went to userControl.userProfile
2021-08-23 14:46:46.605 [JavaFX Application Thread] INFO  mainPages.Setting - System: user went to mainPages.Setting
2021-08-23 14:46:46.608 [JavaFX Application Thread] INFO  submit.submitPrivacy - System: user went to submit.submitPrivacy
2021-08-23 14:46:47.667 [JavaFX Application Thread] INFO  login.loginView - System: user went to Login
2021-08-23 14:46:52.789 [JavaFX Application Thread] INFO  login.LoginControl - System: user went to LogInfo
2021-08-23 14:46:52.789 [JavaFX Application Thread] INFO  login.LoginControl - System: User logged in
2021-08-23 14:46:53.522 [JavaFX Application Thread] INFO  mainPages.Feed - System: user went to mainPages.Feed
2021-08-23 14:46:55.044 [JavaFX Application Thread] INFO  mainPages.Expelorer - System: user went to mainPages.Expelorer
2021-08-23 14:46:57.305 [JavaFX Application Thread] INFO  userControl.userProfile - System: user went to userControl.userProfile
2021-08-23 14:46:58.421 [JavaFX Application Thread] INFO  submit.submitRequest - System: user went to submit.submitRequest
2021-08-23 14:46:58.422 [JavaFX Application Thread] INFO  userControl.userProfile - System: Request sent
2021-08-23 14:46:58.430 [JavaFX Application Thread] INFO  userControl.userProfile - System: user went to userControl.userProfile
2021-08-23 14:47:18.476 [JavaFX Application Thread] INFO  mainPages.Setting - System: user went to mainPages.Setting
2021-08-23 14:47:18.478 [JavaFX Application Thread] INFO  submit.submitPrivacy - System: user went to submit.submitPrivacy
2021-08-23 14:47:19.337 [JavaFX Application Thread] INFO  login.loginView - System: user went to Login
2021-08-23 14:47:24.359 [JavaFX Application Thread] INFO  login.LoginControl - System: user went to LogInfo
2021-08-23 14:47:24.360 [JavaFX Application Thread] INFO  login.LoginControl - System: User logged in
2021-08-23 14:47:25.006 [JavaFX Application Thread] INFO  mainPages.Feed - System: user went to mainPages.Feed
2021-08-23 14:47:29.534 [JavaFX Application Thread] INFO  mainPages.Info - System: user went to userControl.userProfile
2021-08-23 14:47:29.580 [JavaFX Application Thread] INFO  twitteControl.userTwittes - System: user went to twitteControl.userTwittes
2021-08-23 14:47:38.012 [JavaFX Application Thread] INFO  twitteControl.Newtwitte - System: user went to twitteControl.Newtwitte
2021-08-23 14:47:38.013 [JavaFX Application Thread] INFO  submit.submitTwitte - System: user went to submit.submitTwitte
2021-08-23 14:47:38.016 [JavaFX Application Thread] INFO  twitteControl.Newtwitte - System: twitted
2021-08-23 14:47:38.029 [JavaFX Application Thread] INFO  mainPages.Info - System: user went to userControl.userProfile
2021-08-23 14:47:38.060 [JavaFX Application Thread] INFO  twitteControl.userTwittes - System: user went to twitteControl.userTwittes
2021-08-23 14:47:41.717 [JavaFX Application Thread] INFO  twitteControl.Newtwitte - System: user went to twitteControl.Newtwitte
2021-08-23 14:47:41.717 [JavaFX Application Thread] INFO  submit.submitTwitte - System: user went to submit.submitTwitte
2021-08-23 14:47:41.730 [JavaFX Application Thread] INFO  twitteControl.Newtwitte - System: twitted
2021-08-23 14:47:41.738 [JavaFX Application Thread] INFO  mainPages.Info - System: user went to userControl.userProfile
2021-08-23 14:47:41.768 [JavaFX Application Thread] INFO  twitteControl.userTwittes - System: user went to twitteControl.userTwittes
2021-08-23 14:47:45.092 [JavaFX Application Thread] INFO  mainPages.Messenger - System: user went to mainPages.Messenger
2021-08-23 14:47:46.453 [JavaFX Application Thread] INFO  chat.newChat - System: user went to chat.newChat
2021-08-23 14:47:52.192 [JavaFX Application Thread] INFO  mainPages.Info - System: user went to userControl.userProfile
2021-08-23 14:47:52.236 [JavaFX Application Thread] INFO  twitteControl.userTwittes - System: user went to twitteControl.userTwittes
2021-08-23 14:48:26.165 [JavaFX Application Thread] INFO  mainPages.Setting - System: user went to mainPages.Setting
2021-08-23 14:48:26.168 [JavaFX Application Thread] INFO  submit.submitPrivacy - System: user went to submit.submitPrivacy
2021-08-23 14:48:26.828 [JavaFX Application Thread] INFO  login.loginView - System: user went to Login
2021-08-23 14:48:30.069 [JavaFX Application Thread] INFO  login.LoginControl - System: user went to LogInfo
2021-08-23 14:48:30.070 [JavaFX Application Thread] INFO  login.LoginControl - System: User inserted wrong password
2021-08-23 14:48:32.385 [JavaFX Application Thread] INFO  login.LoginControl - System: user went to LogInfo
2021-08-23 14:48:32.385 [JavaFX Application Thread] INFO  login.LoginControl - System: User logged in
2021-08-23 14:48:33.522 [JavaFX Application Thread] INFO  mainPages.Feed - System: user went to mainPages.Feed
2021-08-23 14:48:34.638 [JavaFX Application Thread] INFO  mainPages.Info - System: user went to userControl.userProfile
2021-08-23 14:48:34.681 [JavaFX Application Thread] INFO  twitteControl.userTwittes - System: user went to twitteControl.userTwittes
2021-08-23 14:48:54.153 [JavaFX Application Thread] INFO  twitteControl.Newtwitte - System: user went to twitteControl.Newtwitte
2021-08-23 14:48:54.153 [JavaFX Application Thread] INFO  submit.submitTwitte - System: user went to submit.submitTwitte
2021-08-23 14:48:54.161 [JavaFX Application Thread] INFO  twitteControl.Newtwitte - System: twitted
2021-08-23 14:48:54.168 [JavaFX Application Thread] INFO  mainPages.Info - System: user went to userControl.userProfile
2021-08-23 14:48:54.204 [JavaFX Application Thread] INFO  twitteControl.userTwittes - System: user went to twitteControl.userTwittes
2021-08-23 14:49:19.488 [JavaFX Application Thread] INFO  twitteControl.Newtwitte - System: user went to twitteControl.Newtwitte
2021-08-23 14:49:19.488 [JavaFX Application Thread] INFO  submit.submitTwitte - System: user went to submit.submitTwitte
2021-08-23 14:49:19.496 [JavaFX Application Thread] INFO  twitteControl.Newtwitte - System: twitted
2021-08-23 14:49:19.505 [JavaFX Application Thread] INFO  mainPages.Info - System: user went to userControl.userProfile
2021-08-23 14:49:19.539 [JavaFX Application Thread] INFO  twitteControl.userTwittes - System: user went to twitteControl.userTwittes
2021-08-23 14:49:48.454 [JavaFX Application Thread] INFO  mainPages.Setting - System: user went to mainPages.Setting
2021-08-23 14:49:48.457 [JavaFX Application Thread] INFO  submit.submitPrivacy - System: user went to submit.submitPrivacy
2021-08-23 14:49:49.370 [JavaFX Application Thread] INFO  login.loginView - System: user went to Login
2021-08-23 14:49:57.373 [JavaFX Application Thread] INFO  login.LoginControl - System: user went to LogInfo
2021-08-23 14:49:57.374 [JavaFX Application Thread] INFO  login.LoginControl - System: User logged in
2021-08-23 14:49:58.388 [JavaFX Application Thread] INFO  mainPages.Feed - System: user went to mainPages.Feed
2021-08-23 14:49:59.769 [JavaFX Application Thread] INFO  mainPages.Info - System: user went to userControl.userProfile
2021-08-23 14:49:59.811 [JavaFX Application Thread] INFO  twitteControl.userTwittes - System: user went to twitteControl.userTwittes
2021-08-23 14:50:08.433 [JavaFX Application Thread] INFO  twitteControl.Newtwitte - System: user went to twitteControl.Newtwitte
2021-08-23 14:50:08.433 [JavaFX Application Thread] INFO  submit.submitTwitte - System: user went to submit.submitTwitte
2021-08-23 14:50:08.441 [JavaFX Application Thread] INFO  twitteControl.Newtwitte - System: twitted
2021-08-23 14:50:08.448 [JavaFX Application Thread] INFO  mainPages.Info - System: user went to userControl.userProfile
2021-08-23 14:50:08.475 [JavaFX Application Thread] INFO  twitteControl.userTwittes - System: user went to twitteControl.userTwittes
2021-08-23 14:50:13.899 [JavaFX Application Thread] INFO  twitteControl.Newtwitte - System: user went to twitteControl.Newtwitte
2021-08-23 14:50:13.899 [JavaFX Application Thread] INFO  submit.submitTwitte - System: user went to submit.submitTwitte
2021-08-23 14:50:13.906 [JavaFX Application Thread] INFO  twitteControl.Newtwitte - System: twitted
2021-08-23 14:50:13.914 [JavaFX Application Thread] INFO  mainPages.Info - System: user went to userControl.userProfile
2021-08-23 14:50:13.941 [JavaFX Application Thread] INFO  twitteControl.userTwittes - System: user went to twitteControl.userTwittes
2021-08-23 14:50:53.365 [JavaFX Application Thread] INFO  mainPages.Info - System: user went to userControl.userProfile
2021-08-23 14:50:53.399 [JavaFX Application Thread] INFO  twitteControl.userTwittes - System: user went to twitteControl.userTwittes
2021-08-23 14:50:54.696 [JavaFX Application Thread] INFO  mainPages.Setting - System: user went to mainPages.Setting
2021-08-23 14:50:54.699 [JavaFX Application Thread] INFO  submit.submitPrivacy - System: user went to submit.submitPrivacy
2021-08-23 14:50:56.027 [JavaFX Application Thread] INFO  login.loginView - System: user went to Login
2021-08-23 14:51:34.683 [JavaFX Application Thread] INFO  login.LoginControl - System: user went to LogInfo
2021-08-23 14:51:34.684 [JavaFX Application Thread] INFO  login.LoginControl - System: User logged in
2021-08-23 14:51:35.647 [JavaFX Application Thread] INFO  mainPages.Feed - System: user went to mainPages.Feed
2021-08-23 14:51:37.890 [JavaFX Application Thread] INFO  mainPages.Info - System: user went to userControl.userProfile
2021-08-23 14:51:37.931 [JavaFX Application Thread] INFO  twitteControl.userTwittes - System: user went to twitteControl.userTwittes
2021-08-23 14:52:08.846 [JavaFX Application Thread] INFO  twitteControl.Newtwitte - System: user went to twitteControl.Newtwitte
2021-08-23 14:52:08.846 [JavaFX Application Thread] INFO  submit.submitTwitte - System: user went to submit.submitTwitte
2021-08-23 14:52:08.854 [JavaFX Application Thread] INFO  twitteControl.Newtwitte - System: twitted
2021-08-23 14:52:08.863 [JavaFX Application Thread] INFO  mainPages.Info - System: user went to userControl.userProfile
2021-08-23 14:52:08.903 [JavaFX Application Thread] INFO  twitteControl.userTwittes - System: user went to twitteControl.userTwittes
2021-08-23 14:52:34.526 [JavaFX Application Thread] INFO  twitteControl.Newtwitte - System: user went to twitteControl.Newtwitte
2021-08-23 14:52:34.526 [JavaFX Application Thread] INFO  submit.submitTwitte - System: user went to submit.submitTwitte
2021-08-23 14:52:34.534 [JavaFX Application Thread] INFO  twitteControl.Newtwitte - System: twitted
2021-08-23 14:52:34.550 [JavaFX Application Thread] INFO  mainPages.Info - System: user went to userControl.userProfile
2021-08-23 14:52:34.600 [JavaFX Application Thread] INFO  twitteControl.userTwittes - System: user went to twitteControl.userTwittes
2021-08-23 14:52:52.060 [JavaFX Application Thread] INFO  mainPages.Setting - System: user went to mainPages.Setting
2021-08-23 14:52:52.063 [JavaFX Application Thread] INFO  submit.submitPrivacy - System: user went to submit.submitPrivacy
2021-08-23 14:52:53.047 [JavaFX Application Thread] INFO  login.loginView - System: user went to Login
2021-08-23 14:52:55.104 [JavaFX Application Thread] INFO  login.LoginControl - System: user went to LogInfo
2021-08-23 14:52:55.105 [JavaFX Application Thread] INFO  login.LoginControl - System: User inserted wrong password
2021-08-23 14:52:56.766 [JavaFX Application Thread] INFO  login.LoginControl - System: user went to LogInfo
2021-08-23 14:52:56.766 [JavaFX Application Thread] INFO  login.LoginControl - System: User logged in
2021-08-23 14:52:57.732 [JavaFX Application Thread] INFO  mainPages.Feed - System: user went to mainPages.Feed
2021-08-23 14:53:46.289 [JavaFX Application Thread] INFO  mainPages.Info - System: user went to userControl.userProfile
2021-08-23 14:53:46.334 [JavaFX Application Thread] INFO  twitteControl.userTwittes - System: user went to twitteControl.userTwittes
2021-08-23 14:53:49.106 [JavaFX Application Thread] INFO  mainPages.Feed - System: user went to mainPages.Feed
2021-08-23 14:53:52.212 [JavaFX Application Thread] INFO  twitteControl.Newtwitte - System: user went to newComment
2021-08-23 14:53:59.667 [JavaFX Application Thread] INFO  twitteControl.Newtwitte - System: Commented
2021-08-23 14:53:59.668 [JavaFX Application Thread] INFO  submit.submitTwitte - System: user went to submit.submitTwitte
2021-08-23 14:54:00.810 [JavaFX Application Thread] INFO  comments.commentsPage - System: user went to comments.commentsPage
2021-08-23 14:54:23.835 [JavaFX Application Thread] INFO  mainPages.Info - System: user went to userControl.userProfile
2021-08-23 14:54:23.884 [JavaFX Application Thread] INFO  twitteControl.userTwittes - System: user went to twitteControl.userTwittes
2021-08-23 14:54:29.014 [JavaFX Application Thread] INFO  twitteControl.Newtwitte - System: user went to twitteControl.Newtwitte
2021-08-23 14:54:29.014 [JavaFX Application Thread] INFO  submit.submitTwitte - System: user went to submit.submitTwitte
2021-08-23 14:54:29.021 [JavaFX Application Thread] INFO  twitteControl.Newtwitte - System: twitted
2021-08-23 14:54:29.029 [JavaFX Application Thread] INFO  mainPages.Info - System: user went to userControl.userProfile
2021-08-23 14:54:29.060 [JavaFX Application Thread] INFO  twitteControl.userTwittes - System: user went to twitteControl.userTwittes
2021-08-23 14:54:33.912 [JavaFX Application Thread] INFO  twitteControl.Newtwitte - System: user went to twitteControl.Newtwitte
2021-08-23 14:54:33.912 [JavaFX Application Thread] INFO  submit.submitTwitte - System: user went to submit.submitTwitte
2021-08-23 14:54:33.921 [JavaFX Application Thread] INFO  twitteControl.Newtwitte - System: twitted
2021-08-23 14:54:33.929 [JavaFX Application Thread] INFO  mainPages.Info - System: user went to userControl.userProfile
2021-08-23 14:54:33.969 [JavaFX Application Thread] INFO  twitteControl.userTwittes - System: user went to twitteControl.userTwittes
2021-08-23 14:54:42.680 [JavaFX Application Thread] INFO  mainPages.Messenger - System: user went to mainPages.Messenger
2021-08-23 14:54:43.673 [JavaFX Application Thread] INFO  chat.newChat - System: user went to chat.newChat
2021-08-23 14:54:44.499 [JavaFX Application Thread] INFO  chat.chatPage - System: user went to ChatPage
2021-08-23 14:54:46.216 [JavaFX Application Thread] INFO  chat.newChat - System: New chat created
2021-08-23 14:54:50.406 [JavaFX Application Thread] INFO  submit.submitMessage - System: user went to submit.submitMessage
2021-08-23 14:54:50.418 [JavaFX Application Thread] INFO  chat.chatPage - System: user went to ChatPage
2021-08-23 14:55:00.942 [JavaFX Application Thread] INFO  submit.submitMessage - System: user went to submit.submitMessage
2021-08-23 14:55:00.953 [JavaFX Application Thread] INFO  chat.chatPage - System: user went to ChatPage
2021-08-23 14:55:12.002 [JavaFX Application Thread] INFO  mainPages.Messenger - System: user went to mainPages.Messenger
2021-08-23 14:55:13.289 [JavaFX Application Thread] INFO  mainPages.Setting - System: user went to mainPages.Setting
2021-08-23 14:55:13.292 [JavaFX Application Thread] INFO  submit.submitPrivacy - System: user went to submit.submitPrivacy
2021-08-23 14:55:13.933 [JavaFX Application Thread] INFO  login.loginView - System: user went to Login
2021-08-23 14:55:19.564 [JavaFX Application Thread] INFO  login.LoginControl - System: user went to LogInfo
2021-08-23 14:55:19.564 [JavaFX Application Thread] INFO  login.LoginControl - System: User logged in
2021-08-23 14:55:20.264 [JavaFX Application Thread] INFO  mainPages.Feed - System: user went to mainPages.Feed
2021-08-23 14:55:23.485 [JavaFX Application Thread] INFO  mainPages.Setting - System: user went to mainPages.Setting
2021-08-23 14:55:23.487 [JavaFX Application Thread] INFO  submit.submitPrivacy - System: user went to submit.submitPrivacy
2021-08-23 14:55:24.567 [JavaFX Application Thread] INFO  mainPages.Messenger - System: user went to mainPages.Messenger
2021-08-23 14:55:25.531 [JavaFX Application Thread] INFO  chat.chatPage - System: user went to ChatPage
2021-08-23 14:55:32.161 [JavaFX Application Thread] INFO  submit.submitMessage - System: user went to submit.submitMessage
2021-08-23 14:55:32.171 [JavaFX Application Thread] INFO  chat.chatPage - System: user went to ChatPage
2021-08-23 14:55:40.395 [JavaFX Application Thread] INFO  submit.submitMessage - System: user went to submit.submitMessage
2021-08-23 14:55:40.407 [JavaFX Application Thread] INFO  chat.chatPage - System: user went to ChatPage
2021-08-23 14:56:00.879 [JavaFX Application Thread] INFO  submit.submitMessage - System: user went to submit.submitMessage
2021-08-23 14:56:00.897 [JavaFX Application Thread] INFO  chat.chatPage - System: user went to ChatPage
2021-08-23 14:56:03.071 [JavaFX Application Thread] INFO  mainPages.Messenger - System: user went to mainPages.Messenger
2021-08-23 14:56:04.028 [JavaFX Application Thread] INFO  mainPages.Setting - System: user went to mainPages.Setting
2021-08-23 14:56:04.034 [JavaFX Application Thread] INFO  submit.submitPrivacy - System: user went to submit.submitPrivacy
2021-08-23 14:56:04.901 [JavaFX Application Thread] INFO  login.loginView - System: user went to Login
2021-08-23 14:56:08.372 [JavaFX Application Thread] INFO  login.LoginControl - System: user went to LogInfo
2021-08-23 14:56:08.373 [JavaFX Application Thread] INFO  login.LoginControl - System: User inserted wrong password
2021-08-23 14:56:09.569 [JavaFX Application Thread] INFO  login.LoginControl - System: user went to LogInfo
2021-08-23 14:56:09.569 [JavaFX Application Thread] INFO  login.LoginControl - System: User inserted wrong password
2021-08-23 14:56:11.479 [JavaFX Application Thread] INFO  login.LoginControl - System: user went to LogInfo
2021-08-23 14:56:11.479 [JavaFX Application Thread] INFO  login.LoginControl - System: User logged in
2021-08-23 14:56:12.268 [JavaFX Application Thread] INFO  mainPages.Feed - System: user went to mainPages.Feed
2021-08-23 14:56:13.274 [JavaFX Application Thread] INFO  mainPages.Messenger - System: user went to mainPages.Messenger
2021-08-23 14:56:15.285 [JavaFX Application Thread] INFO  chat.chatPage - System: user went to ChatPage
2021-08-23 14:56:22.396 [JavaFX Application Thread] INFO  submit.submitMessage - System: user went to submit.submitMessage
2021-08-23 14:56:22.406 [JavaFX Application Thread] INFO  chat.chatPage - System: user went to ChatPage
2021-08-23 14:56:26.070 [JavaFX Application Thread] INFO  submit.submitMessage - System: user went to submit.submitMessage
2021-08-23 14:56:26.080 [JavaFX Application Thread] INFO  chat.chatPage - System: user went to ChatPage
2021-08-23 14:56:31.312 [JavaFX Application Thread] INFO  mainPages.Messenger - System: user went to mainPages.Messenger
2021-08-23 14:56:41.682 [JavaFX Application Thread] INFO  mainPages.Setting - System: user went to mainPages.Setting
2021-08-23 14:56:41.684 [JavaFX Application Thread] INFO  submit.submitPrivacy - System: user went to submit.submitPrivacy
2021-08-23 14:56:42.508 [JavaFX Application Thread] INFO  login.loginView - System: user went to Login
2021-08-23 14:56:46.226 [JavaFX Application Thread] INFO  login.LoginControl - System: user went to LogInfo
2021-08-23 14:56:46.227 [JavaFX Application Thread] INFO  login.LoginControl - System: User logged in
2021-08-23 14:56:52.516 [JavaFX Application Thread] INFO  mainPages.Feed - System: user went to mainPages.Feed
2021-08-23 14:56:53.854 [JavaFX Application Thread] INFO  mainPages.Setting - System: user went to mainPages.Setting
2021-08-23 14:56:53.856 [JavaFX Application Thread] INFO  submit.submitPrivacy - System: user went to submit.submitPrivacy
2021-08-23 14:56:55.748 [JavaFX Application Thread] INFO  mainPages.Info - System: user went to userControl.userProfile
2021-08-23 14:56:55.771 [JavaFX Application Thread] INFO  twitteControl.userTwittes - System: user went to twitteControl.userTwittes
2021-08-23 14:57:34.384 [JavaFX Application Thread] INFO  twitteControl.Newtwitte - System: user went to twitteControl.Newtwitte
2021-08-23 14:57:34.384 [JavaFX Application Thread] INFO  submit.submitTwitte - System: user went to submit.submitTwitte
2021-08-23 14:57:34.392 [JavaFX Application Thread] INFO  twitteControl.Newtwitte - System: twitted
2021-08-23 14:57:34.400 [JavaFX Application Thread] INFO  mainPages.Info - System: user went to userControl.userProfile
2021-08-23 14:57:34.440 [JavaFX Application Thread] INFO  twitteControl.userTwittes - System: user went to twitteControl.userTwittes
2021-08-23 14:57:41.367 [JavaFX Application Thread] INFO  twitteControl.Newtwitte - System: user went to twitteControl.Newtwitte
2021-08-23 14:57:41.367 [JavaFX Application Thread] INFO  submit.submitTwitte - System: user went to submit.submitTwitte
2021-08-23 14:57:41.374 [JavaFX Application Thread] INFO  twitteControl.Newtwitte - System: twitted
2021-08-23 14:57:41.382 [JavaFX Application Thread] INFO  mainPages.Info - System: user went to userControl.userProfile
2021-08-23 14:57:41.415 [JavaFX Application Thread] INFO  twitteControl.userTwittes - System: user went to twitteControl.userTwittes
2021-08-23 14:59:25.055 [JavaFX Application Thread] INFO  mainPages.Setting - System: user went to mainPages.Setting
2021-08-23 14:59:25.057 [JavaFX Application Thread] INFO  submit.submitPrivacy - System: user went to submit.submitPrivacy
2021-08-23 14:59:25.808 [JavaFX Application Thread] INFO  login.loginView - System: user went to Login
2021-08-23 15:08:14.525 [main] INFO  launch.Main - System: user Started the app
2021-08-23 15:08:15.883 [JavaFX Application Thread] INFO  login.loginView - System: user went to Login
2021-08-23 15:08:23.309 [JavaFX Application Thread] INFO  login.LoginControl - System: user went to LogInfo
2021-08-23 15:08:23.312 [JavaFX Application Thread] INFO  login.LoginControl - System: User inserted wrong password
2021-08-23 15:08:26.843 [JavaFX Application Thread] INFO  login.LoginControl - System: user went to LogInfo
2021-08-23 15:08:26.845 [JavaFX Application Thread] INFO  login.LoginControl - System: User logged in
2021-08-23 15:08:27.918 [JavaFX Application Thread] INFO  mainPages.Feed - System: user went to mainPages.Feed
2021-08-23 15:27:15.290 [main] INFO  launch.Main - System: user Started the app
2021-08-23 15:27:17.687 [JavaFX Application Thread] INFO  login.loginView - System: user went to Login
2021-08-23 15:28:52.511 [main] INFO  launch.Main - System: user Started the app
2021-08-23 15:28:53.595 [JavaFX Application Thread] INFO  login.loginView - System: user went to Login
2021-08-23 15:29:20.516 [JavaFX Application Thread] INFO  login.LoginControl - System: user went to LogInfo
2021-08-23 15:29:20.518 [JavaFX Application Thread] INFO  login.LoginControl - System: User logged in
2021-08-23 15:29:23.532 [JavaFX Application Thread] INFO  mainPages.Feed - System: user went to mainPages.Feed
2021-08-23 15:30:21.424 [JavaFX Application Thread] INFO  mainPages.Setting - System: user went to mainPages.Setting
2021-08-23 15:30:21.438 [JavaFX Application Thread] INFO  submit.submitPrivacy - System: user went to submit.submitPrivacy
2021-08-23 15:30:22.342 [JavaFX Application Thread] INFO  login.loginView - System: user went to Login
2021-08-23 15:30:40.936 [JavaFX Application Thread] INFO  login.LoginControl - System: user went to LogInfo
2021-08-23 15:30:40.937 [JavaFX Application Thread] INFO  login.LoginControl - System: User logged in
2021-08-23 15:30:41.668 [JavaFX Application Thread] INFO  mainPages.Feed - System: user went to mainPages.Feed
2021-08-23 15:30:42.978 [JavaFX Application Thread] INFO  mainPages.Info - System: user went to userControl.userProfile
2021-08-23 15:30:43.094 [JavaFX Application Thread] INFO  twitteControl.userTwittes - System: user went to twitteControl.userTwittes
2021-08-23 19:13:26.494 [main] INFO  launch.Main - System: user Started the app
2021-08-23 19:13:27.251 [JavaFX Application Thread] INFO  login.loginView - System: user went to Login
2021-08-23 19:13:32.654 [JavaFX Application Thread] INFO  login.LoginControl - System: user went to LogInfo
2021-08-23 19:13:32.656 [JavaFX Application Thread] INFO  login.LoginControl - System: User logged in
2021-08-23 19:13:33.527 [JavaFX Application Thread] INFO  mainPages.Feed - System: user went to mainPages.Feed
2021-08-23 19:13:39.032 [JavaFX Application Thread] INFO  mainPages.Info - System: user went to userControl.userProfile
2021-08-23 19:13:39.163 [JavaFX Application Thread] INFO  twitteControl.userTwittes - System: user went to twitteControl.userTwittes
2021-08-23 19:14:18.427 [JavaFX Application Thread] INFO  mainPages.Info - System: user went to userControl.userProfile
2021-08-23 19:14:18.477 [JavaFX Application Thread] INFO  twitteControl.userTwittes - System: user went to twitteControl.userTwittes
2021-08-23 19:14:59.998 [JavaFX Application Thread] INFO  twitteControl.Newtwitte - System: user went to twitteControl.Newtwitte
2021-08-23 19:14:59.999 [JavaFX Application Thread] INFO  submit.submitTwitte - System: user went to submit.submitTwitte
2021-08-23 19:15:00.005 [JavaFX Application Thread] INFO  twitteControl.Newtwitte - System: twitted
2021-08-23 19:15:00.016 [JavaFX Application Thread] INFO  mainPages.Info - System: user went to userControl.userProfile
2021-08-23 19:15:00.055 [JavaFX Application Thread] INFO  twitteControl.userTwittes - System: user went to twitteControl.userTwittes
2021-08-23 19:15:26.601 [JavaFX Application Thread] INFO  lists.Lists - System: user went to lists.Lists
2021-08-23 19:15:29.247 [JavaFX Application Thread] INFO  mainPages.Info - System: user went to userControl.userProfile
2021-08-23 19:15:29.346 [JavaFX Application Thread] INFO  twitteControl.userTwittes - System: user went to twitteControl.userTwittes
2021-08-23 19:15:30.321 [JavaFX Application Thread] INFO  lists.Lists - System: user went to lists.Lists
2021-08-23 19:15:31.685 [JavaFX Application Thread] INFO  mainPages.Info - System: user went to userControl.userProfile
2021-08-23 19:15:31.754 [JavaFX Application Thread] INFO  twitteControl.userTwittes - System: user went to twitteControl.userTwittes
2021-08-23 19:15:40.831 [JavaFX Application Thread] INFO  mainPages.Info - System: user went to userControl.userProfile
2021-08-23 19:15:40.875 [JavaFX Application Thread] INFO  twitteControl.userTwittes - System: user went to twitteControl.userTwittes
2021-08-23 19:15:56.428 [JavaFX Application Thread] INFO  submit.submitRequest - System: The request Accepted!
2021-08-23 19:16:02.826 [JavaFX Application Thread] INFO  submit.submitRequest - System: The request rejected
2021-08-23 19:16:11.581 [JavaFX Application Thread] INFO  mainPages.Info - System: user went to userControl.userProfile
2021-08-23 19:16:11.671 [JavaFX Application Thread] INFO  twitteControl.userTwittes - System: user went to twitteControl.userTwittes
2021-08-23 19:16:14.113 [JavaFX Application Thread] INFO  mainPages.Messenger - System: user went to mainPages.Messenger
2021-08-23 19:16:22.098 [JavaFX Application Thread] INFO  chat.chatPage - System: user went to ChatPage
2021-08-23 19:16:25.896 [JavaFX Application Thread] INFO  mainPages.Messenger - System: user went to mainPages.Messenger
2021-08-23 19:16:26.523 [JavaFX Application Thread] INFO  messengerChilds.savedMessages - System: user went to messengerChilds.savedMessages
2021-08-23 19:16:26.582 [JavaFX Application Thread] ERROR mainPages.Messenger - Error in open saved message
2021-08-23 19:16:56.588 [JavaFX Application Thread] INFO  submit.submitMessage - System: user went to submit.submitMessage
2021-08-23 19:16:56.600 [JavaFX Application Thread] INFO  messengerChilds.savedMessages - System: user went to messengerChilds.savedMessages
2021-08-23 19:17:00.470 [JavaFX Application Thread] INFO  messengerChilds.savedMessages - System: user went to messengerChilds.savedMessages
2021-08-23 19:17:06.210 [JavaFX Application Thread] INFO  mainPages.Messenger - System: user went to mainPages.Messenger
2021-08-23 19:17:18.042 [JavaFX Application Thread] INFO  groups.gpMain - System: user went to Groups
2021-08-23 19:17:23.799 [JavaFX Application Thread] INFO  groups.gpMain - System: Group created!
2021-08-23 19:17:23.804 [JavaFX Application Thread] INFO  groups.gpMain - System: user went to Groups
2021-08-23 19:17:27.294 [JavaFX Application Thread] INFO  groups.gpMain - User went to members of 01th group
2021-08-23 19:17:37.670 [JavaFX Application Thread] INFO  groups.gpMain - System: user went to Groups
2021-08-23 19:17:40.684 [JavaFX Application Thread] INFO  groups.gpMain - User went to chat of 01th group
2021-08-23 19:17:40.686 [JavaFX Application Thread] INFO  groups.gpChat - System: user went to group chat
2021-08-23 19:17:46.626 [JavaFX Application Thread] INFO  submit.submitMessage - System: user went to submit.submitMessage
2021-08-23 19:17:46.641 [JavaFX Application Thread] INFO  groups.gpChat - System: user went to group chat
2021-08-23 19:18:14.144 [JavaFX Application Thread] INFO  submit.submitMessage - System: user went to submit.submitMessage
2021-08-23 19:18:14.156 [JavaFX Application Thread] INFO  groups.gpChat - System: user went to group chat
2021-08-23 19:18:24.014 [JavaFX Application Thread] INFO  groups.gpChat - System: user went to group chat
2021-08-23 19:18:34.160 [JavaFX Application Thread] INFO  groups.gpMain - System: user went to Groups
2021-08-23 19:18:35.247 [JavaFX Application Thread] INFO  mainPages.Setting - System: user went to mainPages.Setting
2021-08-23 19:18:35.251 [JavaFX Application Thread] INFO  submit.submitPrivacy - System: user went to submit.submitPrivacy
2021-08-23 19:18:35.938 [JavaFX Application Thread] INFO  login.loginView - System: user went to Login
2021-08-23 19:18:40.861 [JavaFX Application Thread] INFO  login.LoginControl - System: user went to LogInfo
2021-08-23 19:18:40.862 [JavaFX Application Thread] INFO  login.LoginControl - System: User logged in
2021-08-23 19:18:41.530 [JavaFX Application Thread] INFO  mainPages.Feed - System: user went to mainPages.Feed
2021-08-23 19:18:42.734 [JavaFX Application Thread] INFO  mainPages.Messenger - System: user went to mainPages.Messenger
2021-08-23 19:18:45.110 [JavaFX Application Thread] INFO  groups.gpMain - System: user went to Groups
2021-08-23 19:18:46.734 [JavaFX Application Thread] INFO  groups.gpMain - User went to chat of 01th group
2021-08-23 19:18:46.735 [JavaFX Application Thread] INFO  groups.gpChat - System: user went to group chat
2021-08-23 19:18:53.918 [JavaFX Application Thread] INFO  groups.gpMain - System: user went to Groups
2021-08-23 19:19:39.202 [JavaFX Application Thread] INFO  mainPages.Feed - System: user went to mainPages.Feed
2021-08-23 19:19:40.237 [JavaFX Application Thread] INFO  mainPages.Expelorer - System: user went to mainPages.Expelorer
2021-08-23 19:21:14.319 [JavaFX Application Thread] INFO  mainPages.Expelorer - System: user went to mainPages.Expelorer
2021-08-23 19:21:57.273 [JavaFX Application Thread] INFO  submit.submitLike - System: user went to submit.submitLike
2021-08-23 19:21:57.273 [JavaFX Application Thread] INFO  submit.submitLike - System: Liked!
2021-08-23 19:21:59.661 [JavaFX Application Thread] INFO  twitteControl.Newtwitte - System: user went to newComment
2021-08-23 19:22:04.210 [JavaFX Application Thread] INFO  twitteControl.Newtwitte - System: Commented
2021-08-23 19:22:04.211 [JavaFX Application Thread] INFO  submit.submitTwitte - System: user went to submit.submitTwitte
2021-08-23 19:22:05.495 [JavaFX Application Thread] INFO  comments.commentsPage - System: user went to comments.commentsPage
2021-08-23 19:22:12.744 [JavaFX Application Thread] INFO  comments.commentsPage - System: user went to comments.commentsPage
2021-08-23 19:22:15.272 [JavaFX Application Thread] INFO  submit.submitLike - System: user went to submit.submitLike
2021-08-23 19:22:15.273 [JavaFX Application Thread] INFO  submit.submitLike - System: